<?xml version="1.0" encoding="UTF-8"?>
<testsuite name="cz.mendelu.springBootExample.controllers.CommentControllerTest" tests="5" skipped="0" failures="0" errors="0" timestamp="2022-07-17T15:18:14" hostname="MacBook-Air-Ivan.local" time="0.193">
  <properties/>
  <testcase name="View returned for /comment/{articleId}" classname="cz.mendelu.springBootExample.controllers.CommentControllerTest" time="0.118"/>
  <testcase name="Method findAll is used in /comment/{articleId}" classname="cz.mendelu.springBootExample.controllers.CommentControllerTest" time="0.015"/>
  <testcase name="View returned for /comment/{articleId}/add" classname="cz.mendelu.springBootExample.controllers.CommentControllerTest" time="0.035"/>
  <testcase name="Method save is used in /comment/{articleId}/add" classname="cz.mendelu.springBootExample.controllers.CommentControllerTest" time="0.014"/>
  <testcase name="articleService" classname="cz.mendelu.springBootExample.controllers.CommentControllerTest" time="0.011"/>
  <system-out><![CDATA[2022-07-17 17:18:15,093 [INFO ][Test worker     ][work.mock.web.MockServletContext] - Initializing Spring TestDispatcherServlet ''
2022-07-17 17:18:15,094 [INFO ][Test worker     ][eb.servlet.TestDispatcherServlet] - Initializing Servlet ''
2022-07-17 17:18:15,095 [INFO ][Test worker     ][eb.servlet.TestDispatcherServlet] - Completed initialization in 1 ms
2022-07-17 17:18:15,111 [INFO ][Test worker     ][work.mock.web.MockServletContext] - Initializing Spring TestDispatcherServlet ''
2022-07-17 17:18:15,112 [INFO ][Test worker     ][eb.servlet.TestDispatcherServlet] - Initializing Servlet ''
2022-07-17 17:18:15,112 [INFO ][Test worker     ][eb.servlet.TestDispatcherServlet] - Completed initialization in 0 ms
2022-07-17 17:18:15,126 [INFO ][Test worker     ][work.mock.web.MockServletContext] - Initializing Spring TestDispatcherServlet ''
2022-07-17 17:18:15,127 [INFO ][Test worker     ][eb.servlet.TestDispatcherServlet] - Initializing Servlet ''
2022-07-17 17:18:15,127 [INFO ][Test worker     ][eb.servlet.TestDispatcherServlet] - Completed initialization in 0 ms
2022-07-17 17:18:15,147 [INFO ][Test worker     ][work.mock.web.MockServletContext] - Initializing Spring TestDispatcherServlet ''
2022-07-17 17:18:15,148 [INFO ][Test worker     ][eb.servlet.TestDispatcherServlet] - Initializing Servlet ''
2022-07-17 17:18:15,149 [INFO ][Test worker     ][eb.servlet.TestDispatcherServlet] - Completed initialization in 1 ms
2022-07-17 17:18:15,158 [INFO ][Test worker     ][work.mock.web.MockServletContext] - Initializing Spring TestDispatcherServlet ''
2022-07-17 17:18:15,159 [INFO ][Test worker     ][eb.servlet.TestDispatcherServlet] - Initializing Servlet ''
2022-07-17 17:18:15,159 [INFO ][Test worker     ][eb.servlet.TestDispatcherServlet] - Completed initialization in 0 ms
2022-07-17 17:18:15,176 [INFO ][Test worker     ][work.mock.web.MockServletContext] - Initializing Spring TestDispatcherServlet ''
2022-07-17 17:18:15,176 [INFO ][Test worker     ][eb.servlet.TestDispatcherServlet] - Initializing Servlet ''
2022-07-17 17:18:15,176 [INFO ][Test worker     ][eb.servlet.TestDispatcherServlet] - Completed initialization in 0 ms
2022-07-17 17:18:15,189 [INFO ][Test worker     ][work.mock.web.MockServletContext] - Initializing Spring TestDispatcherServlet ''
2022-07-17 17:18:15,190 [INFO ][Test worker     ][eb.servlet.TestDispatcherServlet] - Initializing Servlet ''
2022-07-17 17:18:15,190 [INFO ][Test worker     ][eb.servlet.TestDispatcherServlet] - Completed initialization in 0 ms
]]></system-out>
  <system-err><![CDATA[]]></system-err>
</testsuite>
